app/build/intermediates/manifest_merge_blame_file/debug/manifest-merger-blame-debug-report.txt
1<?xml version="1.0" encoding="utf-8"?>
2<manifest xmlns:android="http://schemas.android.com/apk/res/android"
3    package="com.iritech.android.irissample"
4    android:testOnly="false"
5    android:versionCode="2020126"
6    android:versionName="2.0.20126" >
7
8    <uses-sdk
9        android:minSdkVersion="19"
9-->src\main\AndroidManifest.xml
10        android:targetSdkVersion="29" />
10-->src\main\AndroidManifest.xml
11
12    <uses-permission android:name="android.permission.DISABLE_KEYGUARD" />
12-->src\main\AndroidManifest.xml:26:5-75
12-->src\main\AndroidManifest.xml:26:22-72
13    <uses-permission android:name="android.permission.VIBRATE" />
13-->src\main\AndroidManifest.xml:27:5-66
13-->src\main\AndroidManifest.xml:27:22-63
14    <uses-permission android:name="android.permission.GET_ACCOUNTS" />
14-->src\main\AndroidManifest.xml:28:5-71
14-->src\main\AndroidManifest.xml:28:22-68
15    <uses-permission android:name="android.permission.WAKE_LOCK" />
15-->src\main\AndroidManifest.xml:29:5-68
15-->src\main\AndroidManifest.xml:29:22-65
16    <uses-permission android:name="android.permission.INTERNET" />
16-->src\main\AndroidManifest.xml:30:5-67
16-->src\main\AndroidManifest.xml:30:22-64
17    <uses-permission android:name="android.permission.ACCESS_FINE_LOCATION" />
17-->src\main\AndroidManifest.xml:31:5-79
17-->src\main\AndroidManifest.xml:31:22-76
18    <uses-permission android:name="android.permission.ACCESS_NETWORK_STATE" />
18-->src\main\AndroidManifest.xml:32:5-79
18-->src\main\AndroidManifest.xml:32:22-76
19    <uses-permission android:name="android.permission.CHANGE_NETWORK_STATE" />
19-->src\main\AndroidManifest.xml:33:5-79
19-->src\main\AndroidManifest.xml:33:22-76
20    <uses-permission android:name="android.permission.READ_EXTERNAL_STORAGE" />
20-->src\main\AndroidManifest.xml:34:5-80
20-->src\main\AndroidManifest.xml:34:22-77
21    <uses-permission android:name="android.permission.WRITE_EXTERNAL_STORAGE" />
21-->src\main\AndroidManifest.xml:35:5-81
21-->src\main\AndroidManifest.xml:35:22-78
22    <uses-permission android:name="android.permission.READ_MEDIA_STORAGE" />
22-->src\main\AndroidManifest.xml:37:5-77
22-->src\main\AndroidManifest.xml:37:22-74
23    <uses-permission android:name="android.permission.ACCESS_WIFI_STATE" />
23-->src\main\AndroidManifest.xml:38:5-76
23-->src\main\AndroidManifest.xml:38:22-73
24    <uses-permission android:name="android.permission.CHANGE_WIFI_STATE" />
24-->src\main\AndroidManifest.xml:39:5-76
24-->src\main\AndroidManifest.xml:39:22-73
25    <uses-permission android:name="android.permission.UPDATE_DEVICE_STATE" />
25-->src\main\AndroidManifest.xml:40:5-78
25-->src\main\AndroidManifest.xml:40:22-75
26    <uses-permission android:name="android.permission.CAMERA" />
26-->src\main\AndroidManifest.xml:41:5-65
26-->src\main\AndroidManifest.xml:41:22-62
27    <uses-permission android:name="android.permission.BLUETOOTH" />
27-->src\main\AndroidManifest.xml:43:5-68
27-->src\main\AndroidManifest.xml:43:22-65
28    <uses-permission android:name="android.permission.BLUETOOTH_ADMIN" />
28-->src\main\AndroidManifest.xml:44:5-74
28-->src\main\AndroidManifest.xml:44:22-71
29    <uses-permission android:name="android.permission.READ_PHONE_STATE" />
29-->src\main\AndroidManifest.xml:45:5-75
29-->src\main\AndroidManifest.xml:45:22-72
30    <uses-permission android:name="android.permission.READ_SYNC_SETTINGS" />
30-->src\main\AndroidManifest.xml:47:5-77
30-->src\main\AndroidManifest.xml:47:22-74
31    <uses-permission android:name="android.permission.READ_SYNC_STATS" />
31-->src\main\AndroidManifest.xml:48:5-74
31-->src\main\AndroidManifest.xml:48:22-71
32    <uses-permission android:name="android.permission.RECEIVE_BOOT_COMPLETED" />
32-->src\main\AndroidManifest.xml:50:5-81
32-->src\main\AndroidManifest.xml:50:22-78
33    <uses-permission android:name="android.permission.GET_TASKS" />
33-->src\main\AndroidManifest.xml:51:5-67
33-->src\main\AndroidManifest.xml:51:22-65
34    <uses-permission android:name="android.permission.READ_OWNER_DATA" />
34-->src\main\AndroidManifest.xml:52:5-73
34-->src\main\AndroidManifest.xml:52:22-71
35    <uses-permission android:name="android.permission.WRITE_OWNER_DATA" />
35-->src\main\AndroidManifest.xml:53:5-74
35-->src\main\AndroidManifest.xml:53:22-72
36    <uses-permission android:name="com.id2mp.permissions.IRIS" />
36-->src\main\AndroidManifest.xml:54:5-65
36-->src\main\AndroidManifest.xml:54:22-63
37    <uses-permission android:name="android.permission.WRITE_INTERNAL_STORAGE" />
37-->[:iricapture+] AndroidManifest.xml:11:5-81
37-->[:iricapture+] AndroidManifest.xml:11:22-78
38    <uses-permission android:name="android.permission.READ_INTERNAL_STORAGE" />
38-->[:iricapture+] AndroidManifest.xml:12:5-80
38-->[:iricapture+] AndroidManifest.xml:12:22-77
39    <uses-permission android:name="android.permission.MOUNT_UNMOUNT_FILESYSTEMS" />
39-->[:iricapture+] AndroidManifest.xml:18:5-84
39-->[:iricapture+] AndroidManifest.xml:18:22-81
40    <uses-permission android:name="android.permission.READ_LOGS" />
40-->[:iricapture+] AndroidManifest.xml:24:5-68
40-->[:iricapture+] AndroidManifest.xml:24:22-65
41    <uses-permission android:name="android.permission.WRITE_SETTINGS" />
41-->[:iricapture+] AndroidManifest.xml:28:5-73
41-->[:iricapture+] AndroidManifest.xml:28:22-70
42    <uses-permission android:name="android.permission.SET_TIME_ZONE" /> <!-- Required by older versions of Google Play services to create GCM registration tokens -->
42-->[:iricapture+] AndroidManifest.xml:31:5-72
42-->[:iricapture+] AndroidManifest.xml:31:22-69
43    <uses-permission android:name="com.google.android.c2dm.permission.RECEIVE" /> <!-- android:sharedUserId="android.uid.system" -->
43-->[com.google.android.gms:play-services-gcm:17.0.0] AndroidManifest.xml:23:5-82
43-->[com.google.android.gms:play-services-gcm:17.0.0] AndroidManifest.xml:23:22-79
44    <application
44-->src\main\AndroidManifest.xml:7:5-24:19
45        android:allowBackup="true"
45-->src\main\AndroidManifest.xml:8:9-35
46        android:appComponentFactory="androidx.core.app.CoreComponentFactory"
46-->[androidx.core:core:1.1.0] AndroidManifest.xml:24:18-86
47        android:debuggable="true"
48        android:icon="@drawable/ic_app_logo"
48-->src\main\AndroidManifest.xml:9:9-45
49        android:label="@string/app_name"
49-->src\main\AndroidManifest.xml:10:9-41
50        android:requestLegacyExternalStorage="true"
50-->src\main\AndroidManifest.xml:13:9-52
51        android:supportsRtl="true"
51-->src\main\AndroidManifest.xml:11:9-35
52        android:testOnly="true"
53        android:theme="@style/AppTheme" >
53-->src\main\AndroidManifest.xml:12:9-40
54        <activity
54-->src\main\AndroidManifest.xml:14:9-22:20
55            android:name="com.iritech.irissample.MainActivity"
55-->src\main\AndroidManifest.xml:14:19-69
56            android:screenOrientation="portrait"
56-->src\main\AndroidManifest.xml:16:13-49
57            android:theme="@style/AppTheme.NoActionBar" >
57-->src\main\AndroidManifest.xml:15:13-56
58            <intent-filter>
58-->src\main\AndroidManifest.xml:17:13-21:29
59                <action android:name="android.intent.action.MAIN" />
59-->src\main\AndroidManifest.xml:18:17-69
59-->src\main\AndroidManifest.xml:18:25-66
60
61                <category android:name="android.intent.category.LAUNCHER" />
61-->src\main\AndroidManifest.xml:20:17-77
61-->src\main\AndroidManifest.xml:20:27-74
62            </intent-filter>
63        </activity>
64        <activity
64-->[:iris] AndroidManifest.xml:20:9-26:20
65            android:name="com.iritech.iris.CaptureActivity"
65-->[:iris] AndroidManifest.xml:21:13-60
66            android:label="@string/title_activity_iri"
66-->[:iris] AndroidManifest.xml:22:13-55
67            android:noHistory="false"
67-->[:iris] AndroidManifest.xml:23:13-38
68            android:screenOrientation="portrait"
68-->[:iris] AndroidManifest.xml:24:13-49
69            android:theme="@style/Theme.AppCompat.Light.NoActionBar" >
69-->[:iris] AndroidManifest.xml:25:13-69
70        </activity>
71        <activity android:name="com.iritech.iris.TestActivity" />
71-->[:iris] AndroidManifest.xml:27:9-66
71-->[:iris] AndroidManifest.xml:27:19-63
72        <activity
72-->[com.google.android.gms:play-services-base:17.0.0] AndroidManifest.xml:23:9-26:75
73            android:name="com.google.android.gms.common.api.GoogleApiActivity"
73-->[com.google.android.gms:play-services-base:17.0.0] AndroidManifest.xml:24:13-79
74            android:exported="false"
74-->[com.google.android.gms:play-services-base:17.0.0] AndroidManifest.xml:25:13-37
75            android:theme="@android:style/Theme.Translucent.NoTitleBar" />
75-->[com.google.android.gms:play-services-base:17.0.0] AndroidManifest.xml:26:13-72
76
77        <meta-data
77-->[com.google.android.gms:play-services-basement:17.0.0] AndroidManifest.xml:23:9-25:69
78            android:name="com.google.android.gms.version"
78-->[com.google.android.gms:play-services-basement:17.0.0] AndroidManifest.xml:24:13-58
79            android:value="@integer/google_play_services_version" />
79-->[com.google.android.gms:play-services-basement:17.0.0] AndroidManifest.xml:25:13-66
80    </application>
81
82</manifest>